<?xml version="1.0" encoding="UTF-8"?>
<testsuite name="com.alten.xmlparser.XmlParserTest" tests="21" skipped="0" failures="3" errors="0" timestamp="2021-03-23T20:52:29" hostname="DESKTOP-EEAQ996" time="1.349">
  <properties/>
  <testcase name="Read xml file " classname="com.alten.xmlparser.XmlParserTest" time="0.784"/>
  <testcase name="isValidating()" classname="com.alten.xmlparser.XmlParserTest" time="0.047"/>
  <testcase name="isTrimWhitespace()" classname="com.alten.xmlparser.XmlParserTest" time="0.015"/>
  <testcase name="isNamespaceAware()" classname="com.alten.xmlparser.XmlParserTest" time="0.007"/>
  <testcase name="isKeepIgnorableWhitespace()" classname="com.alten.xmlparser.XmlParserTest" time="0.014"/>
  <testcase name="setNamespaceAware()" classname="com.alten.xmlparser.XmlParserTest" time="0.017"/>
  <testcase name="XmlParser(XMLReader xmlReader)" classname="com.alten.xmlparser.XmlParserTest" time="0.006"/>
  <testcase name="parse(StringReader stringReader)" classname="com.alten.xmlparser.XmlParserTest" time="0.014"/>
  <testcase name="parseText(String string)" classname="com.alten.xmlparser.XmlParserTest" time="0.009"/>
  <testcase name="parse(File file)" classname="com.alten.xmlparser.XmlParserTest" time="0.224">
    <failure message="org.xml.sax.SAXParseException; systemId: file:///D:/1__JAOUAD%20BUREAU/Etudes/Cours/MQL-4/Formations/Spock/projects/xmlparser-specification/Tree.xml; lineNumber: 1; columnNumber: 1; Premature end of file." type="org.xml.sax.SAXParseException">org.xml.sax.SAXParseException; systemId: file:///D:/1__JAOUAD%20BUREAU/Etudes/Cours/MQL-4/Formations/Spock/projects/xmlparser-specification/Tree.xml; lineNumber: 1; columnNumber: 1; Premature end of file.
	at com.sun.org.apache.xerces.internal.parsers.AbstractSAXParser.parse(AbstractSAXParser.java:1243)
	at com.sun.org.apache.xerces.internal.jaxp.SAXParserImpl$JAXPSAXParser.parse(SAXParserImpl.java:644)
	at com.alten.xmlparser.XmlParser.parse(XmlParser.groovy:196)
	at com.alten.xmlparser.XmlParserTest.parse(File file)(XmlParserTest.groovy:141)
</failure>
  </testcase>
  <testcase name="parse(InputSource inputSource)" classname="com.alten.xmlparser.XmlParserTest" time="0.029">
    <failure message="org.xml.sax.SAXParseException; lineNumber: 1; columnNumber: 1; Premature end of file." type="org.xml.sax.SAXParseException">org.xml.sax.SAXParseException; lineNumber: 1; columnNumber: 1; Premature end of file.
	at com.sun.org.apache.xerces.internal.parsers.AbstractSAXParser.parse(AbstractSAXParser.java:1243)
	at com.sun.org.apache.xerces.internal.jaxp.SAXParserImpl$JAXPSAXParser.parse(SAXParserImpl.java:644)
	at com.alten.xmlparser.XmlParser.parse(XmlParser.groovy:213)
	at com.alten.xmlparser.XmlParserTest.parse(InputSource inputSource)(XmlParserTest.groovy:169)
</failure>
  </testcase>
  <testcase name="parse(InputStream inputStream)" classname="com.alten.xmlparser.XmlParserTest" time="0.015"/>
  <testcase name="parse(String uri)" classname="com.alten.xmlparser.XmlParserTest" time="0.018"/>
  <testcase name="parse(XMLReader xmlReader) &amp; getXMLReader()" classname="com.alten.xmlparser.XmlParserTest" time="0.01"/>
  <testcase name="parse(SAXParser saxParser)" classname="com.alten.xmlparser.XmlParserTest" time="0.005">
    <failure message="groovy.lang.MissingMethodException: No signature of method: static javax.xml.parsers.SAXParserFactory.newDefaultInstance() is applicable for argument types: () values: []" type="groovy.lang.MissingMethodException">groovy.lang.MissingMethodException: No signature of method: static javax.xml.parsers.SAXParserFactory.newDefaultInstance() is applicable for argument types: () values: []
	at com.alten.xmlparser.XmlParserTest.parse(SAXParser saxParser)(XmlParserTest.groovy:227)
</failure>
  </testcase>
  <testcase name="setDTDHandler" classname="com.alten.xmlparser.XmlParserTest" time="0.013"/>
  <testcase name="setEntityResolver" classname="com.alten.xmlparser.XmlParserTest" time="0.036"/>
  <testcase name="setErrorHandler" classname="com.alten.xmlparser.XmlParserTest" time="0.019"/>
  <testcase name="setFeature(String name, boolean value)" classname="com.alten.xmlparser.XmlParserTest" time="0.007"/>
  <testcase name="setProperty(String name, Object value)" classname="com.alten.xmlparser.XmlParserTest" time="0.006"/>
  <testcase name="addTextToNode" classname="com.alten.xmlparser.XmlParserTest" time="0.003"/>
  <system-out><![CDATA[2
[uno]

No signature of method: java.io.BufferedInputStream.transferTo() is applicable for argument types: (java.io.FileOutputStream) values: [java.io.FileOutputStream@17eebf71]
No signature of method: java.io.BufferedInputStream.transferTo() is applicable for argument types: (java.io.FileOutputStream) values: [java.io.FileOutputStream@3cb0c19e]
]]></system-out>
  <system-err><![CDATA[[Fatal Error] Tree.xml:1:1: Premature end of file.
[Fatal Error] :1:1: Premature end of file.
]]></system-err>
</testsuite>
